<?xml version='1.0' encoding='UTF-8'?>
<testsuite hostname="MacBook-Pro-16.local" name="ValidStartingCitySuite" tests="4" errors="0" failures="0" skipped="0" time="0.061" timestamp="2023-04-30T17:14:19">
          <properties>
      <property name="jline.esc.timeout" value="0"/><property name="jna.platform.library.path" value="/usr/lib:/usr/lib"/><property name="java.runtime.name" value="OpenJDK Runtime Environment"/><property name="sun.boot.library.path" value="/Users/mac/.sdkman/candidates/java/8.0.372-tem/jre/lib"/><property name="java.vm.version" value="25.372-b07"/><property name="gopherProxySet" value="false"/><property name="java.vm.vendor" value="Temurin"/><property name="java.vendor.url" value="https://adoptium.net/"/><property name="path.separator" value=":"/><property name="jna.loaded" value="true"/><property name="java.vm.name" value="OpenJDK 64-Bit Server VM"/><property name="file.encoding.pkg" value="sun.io"/><property name="user.country" value="US"/><property name="sun.java.launcher" value="SUN_STANDARD"/><property name="sun.os.patch.level" value="unknown"/><property name="jna.nosys" value="true"/><property name="java.vm.specification.name" value="Java Virtual Machine Specification"/><property name="user.dir" value="/Users/mac/IdeaProjects/scala-coding-challenges"/><property name="java.runtime.version" value="1.8.0_372-b07"/><property name="java.awt.graphicsenv" value="sun.awt.CGraphicsEnvironment"/><property name="java.endorsed.dirs" value="/Users/mac/.sdkman/candidates/java/8.0.372-tem/jre/lib/endorsed"/><property name="os.arch" value="x86_64"/><property name="java.io.tmpdir" value="/var/folders/pj/94l7mdcd4439yfbfymkrt7vh0000gn/T/"/><property name="line.separator" value="
"/><property name="java.vm.specification.vendor" value="Oracle Corporation"/><property name="log4j.ignoreTCL" value="true"/><property name="os.name" value="Mac OS X"/><property name="sun.jnu.encoding" value="UTF-8"/><property name="jnidispatch.path" value="/Users/mac/Library/Caches/JNA/temp/jna5978605689900162482.tmp"/><property name="java.library.path" value="/Users/mac/Library/Java/Extensions:/Library/Java/Extensions:/Network/Library/Java/Extensions:/System/Library/Java/Extensions:/usr/lib/java:."/><property name="java.specification.name" value="Java Platform API Specification"/><property name="java.class.version" value="52.0"/><property name="sbt.ipcsocket.tmpdir" value="/var/folders/pj/94l7mdcd4439yfbfymkrt7vh0000gn/T/.sbt63b78cd2/ipcsocket"/><property name="sun.management.compiler" value="HotSpot 64-Bit Tiered Compilers"/><property name="os.version" value="13.3.1"/><property name="http.nonProxyHosts" value="local|*.local|169.254/16|*.169.254/16"/><property name="swoval.tmpdir" value="/var/folders/pj/94l7mdcd4439yfbfymkrt7vh0000gn/T/.sbt63b78cd2/swoval"/><property name="user.home" value="/Users/mac"/><property name="user.timezone" value="Africa/Nairobi"/><property name="java.awt.printerjob" value="sun.lwawt.macosx.CPrinterJob"/><property name="file.encoding" value="UTF-8"/><property name="java.specification.version" value="1.8"/><property name="java.class.path" value="/Users/mac/.sdkman/candidates/sbt/1.8.2/bin/sbt-launch.jar"/><property name="user.name" value="mac"/><property name="jline.shutdownhook" value="false"/><property name="java.vm.specification.version" value="1.8"/><property name="sun.java.command" value="/Users/mac/.sdkman/candidates/sbt/1.8.2/bin/sbt-launch.jar test"/><property name="java.home" value="/Users/mac/.sdkman/candidates/java/8.0.372-tem/jre"/><property name="sun.arch.data.model" value="64"/><property name="user.language" value="en"/><property name="java.specification.vendor" value="Oracle Corporation"/><property name="awt.toolkit" value="sun.lwawt.macosx.LWCToolkit"/><property name="java.vm.info" value="mixed mode"/><property name="java.version" value="1.8.0_372"/><property name="java.ext.dirs" value="/Users/mac/Library/Java/Extensions:/Users/mac/.sdkman/candidates/java/8.0.372-tem/jre/lib/ext:/Library/Java/Extensions:/Network/Library/Java/Extensions:/System/Library/Java/Extensions:/usr/lib/java"/><property name="sun.boot.class.path" value="/Users/mac/.sdkman/candidates/java/8.0.372-tem/jre/lib/resources.jar:/Users/mac/.sdkman/candidates/java/8.0.372-tem/jre/lib/rt.jar:/Users/mac/.sdkman/candidates/java/8.0.372-tem/jre/lib/sunrsasign.jar:/Users/mac/.sdkman/candidates/java/8.0.372-tem/jre/lib/jsse.jar:/Users/mac/.sdkman/candidates/java/8.0.372-tem/jre/lib/jce.jar:/Users/mac/.sdkman/candidates/java/8.0.372-tem/jre/lib/charsets.jar:/Users/mac/.sdkman/candidates/java/8.0.372-tem/jre/lib/jfr.jar:/Users/mac/.sdkman/candidates/java/8.0.372-tem/jre/classes"/><property name="java.vendor" value="Temurin"/><property name="java.specification.maintenance.version" value="4"/><property name="file.separator" value="/"/><property name="java.vendor.url.bug" value="https://github.com/adoptium/adoptium-support/issues"/><property name="sun.io.unicode.encoding" value="UnicodeBig"/><property name="sun.cpu.endian" value="little"/><property name="sbt.script" value="/Users/mac/.sdkman/candidates/sbt/current/bin/sbt"/><property name="socksNonProxyHosts" value="local|*.local|169.254/16|*.169.254/16"/><property name="ftp.nonProxyHosts" value="local|*.local|169.254/16|*.169.254/16"/><property name="sun.cpu.isalist" value=""/>
    </properties>
          <testcase classname="ValidStartingCitySuite" name="validStartingCity should return the correct starting city for a simple example" time="0.047">
                      
                    </testcase><testcase classname="ValidStartingCitySuite" name="validStartingCity should return the correct starting city when there is no valid city" time="0.0">
                      
                    </testcase><testcase classname="ValidStartingCitySuite" name="validStartingCity should return the correct starting city for a case with only one city" time="0.0">
                      
                    </testcase><testcase classname="ValidStartingCitySuite" name="validStartingCity should return the correct starting city for a case with large inputs" time="0.014">
                      
                    </testcase>
          <system-out><![CDATA[]]></system-out>
          <system-err><![CDATA[]]></system-err>
        </testsuite>